<?xml version="1.0" encoding="UTF-8"?>
<!-- Generated by org.testng.reporters.JUnitReportReporter -->
<testsuite hostname="DESKTOP-8RHQQ3P" failures="0" tests="12" name="TestCase.Add_To_Cart" time="0.035" errors="1" timestamp="2023-12-25T11:26:58 IST" skipped="11">
  <testcase classname="TestCase.Add_To_Cart" name="Ss_TcKids_001" time="0.001">
    <skipped/>
  </testcase> <!-- Ss_TcKids_001 -->
  <testcase classname="TestCase.Add_To_Cart" name="Ss_TcKids_009" time="0.000">
    <skipped/>
  </testcase> <!-- Ss_TcKids_009 -->
  <testcase classname="TestCase.Add_To_Cart" name="Ss_TcKids_005" time="0.000">
    <skipped/>
  </testcase> <!-- Ss_TcKids_005 -->
  <testcase classname="TestCase.Add_To_Cart" name="LaunchBrowser" time="0.033">
    <error message="SS_IPathConstant_Utility.propertiesPath (The system cannot find the file specified)" type="java.io.FileNotFoundException">
      <![CDATA[java.io.FileNotFoundException: SS_IPathConstant_Utility.propertiesPath (The system cannot find the file specified)
at java.base/java.io.FileInputStream.open0(Native Method)
at java.base/java.io.FileInputStream.open(FileInputStream.java:216)
at java.base/java.io.FileInputStream.<init>(FileInputStream.java:157)
at SSUtility.SS_Data_Utility.dataFromPropertiesFile(SS_Data_Utility.java:20)
at SSUtility.SS_BaseClass.LaunchBrowser(SS_BaseClass.java:31)
at java.base/jdk.internal.reflect.NativeMethodAccessorImpl.invoke0(Native Method)
at java.base/jdk.internal.reflect.NativeMethodAccessorImpl.invoke(NativeMethodAccessorImpl.java:77)
at java.base/jdk.internal.reflect.DelegatingMethodAccessorImpl.invoke(DelegatingMethodAccessorImpl.java:43)
at java.base/java.lang.reflect.Method.invoke(Method.java:568)
at org.testng.internal.invokers.MethodInvocationHelper.invokeMethod(MethodInvocationHelper.java:139)
at org.testng.internal.invokers.MethodInvocationHelper.invokeMethodConsideringTimeout(MethodInvocationHelper.java:69)
at org.testng.internal.invokers.ConfigInvoker.invokeConfigurationMethod(ConfigInvoker.java:390)
at org.testng.internal.invokers.ConfigInvoker.invokeConfigurations(ConfigInvoker.java:325)
at org.testng.internal.invokers.TestMethodWorker.invokeBeforeClassMethods(TestMethodWorker.java:180)
at org.testng.internal.invokers.TestMethodWorker.run(TestMethodWorker.java:122)
at java.base/java.util.ArrayList.forEach(ArrayList.java:1511)
at org.testng.TestRunner.privateRun(TestRunner.java:848)
at org.testng.TestRunner.run(TestRunner.java:621)
at org.testng.SuiteRunner.runTest(SuiteRunner.java:443)
at org.testng.SuiteRunner.runSequentially(SuiteRunner.java:437)
at org.testng.SuiteRunner.privateRun(SuiteRunner.java:397)
at org.testng.SuiteRunner.run(SuiteRunner.java:336)
at org.testng.SuiteRunnerWorker.runSuite(SuiteRunnerWorker.java:52)
at org.testng.SuiteRunnerWorker.run(SuiteRunnerWorker.java:95)
at org.testng.TestNG.runSuitesSequentially(TestNG.java:1280)
at org.testng.TestNG.runSuitesLocally(TestNG.java:1200)
at org.testng.TestNG.runSuites(TestNG.java:1114)
at org.testng.TestNG.run(TestNG.java:1082)
at org.testng.remote.AbstractRemoteTestNG.run(AbstractRemoteTestNG.java:115)
at org.testng.remote.RemoteTestNG.initAndRun(RemoteTestNG.java:251)
at org.testng.remote.RemoteTestNG.main(RemoteTestNG.java:77)
]]>
    </error>
  </testcase> <!-- LaunchBrowser -->
  <testcase classname="TestCase.Add_To_Cart" name="Ss_TcKids_010" time="0.000">
    <skipped/>
  </testcase> <!-- Ss_TcKids_010 -->
  <testcase classname="TestCase.Add_To_Cart" name="Ss_TcKids_007" time="0.000">
    <skipped/>
  </testcase> <!-- Ss_TcKids_007 -->
  <testcase classname="TestCase.Add_To_Cart" name="Ss_TcKids_003" time="0.000">
    <skipped/>
  </testcase> <!-- Ss_TcKids_003 -->
  <testcase classname="TestCase.Add_To_Cart" name="Ss_TcKids_011" time="0.000">
    <skipped/>
  </testcase> <!-- Ss_TcKids_011 -->
  <testcase classname="TestCase.Add_To_Cart" name="Ss_TcKids_002" time="0.000">
    <skipped/>
  </testcase> <!-- Ss_TcKids_002 -->
  <testcase classname="TestCase.Add_To_Cart" name="Ss_TcKids_004" time="0.000">
    <skipped/>
  </testcase> <!-- Ss_TcKids_004 -->
  <testcase classname="TestCase.Add_To_Cart" name="Ss_TcKids_006" time="0.000">
    <skipped/>
  </testcase> <!-- Ss_TcKids_006 -->
  <testcase classname="TestCase.Add_To_Cart" name="Ss_TcKids_008" time="0.001">
    <skipped/>
  </testcase> <!-- Ss_TcKids_008 -->
</testsuite> <!-- TestCase.Add_To_Cart -->
